# JRE version: Java(TM) SE Runtime Environment (8.0_271-b09) (build 1.8.0_271-b09)
# Java VM: Java HotSpot(TM) 64-Bit Server VM (25.271-b09 mixed mode windows-amd64 compressed oops)
Heap:
 PSYoungGen      total 137728K, used 31641K [0x000000076b800000, 0x0000000774c00000, 0x00000007c0000000)
  eden space 126976K, 16% used [0x000000076b800000,0x000000076cc68848,0x0000000773400000)
  from space 10752K, 99% used [0x0000000774180000,0x0000000774bfde80,0x0000000774c00000)
  to   space 10752K, 0% used [0x0000000773700000,0x0000000773700000,0x0000000774180000)
 ParOldGen       total 128512K, used 43130K [0x00000006c2800000, 0x00000006ca580000, 0x000000076b800000)
  object space 128512K, 33% used [0x00000006c2800000,0x00000006c521e8c0,0x00000006ca580000)
 Metaspace       used 23417K, capacity 24316K, committed 24576K, reserved 1071104K
  class space    used 3083K, capacity 3291K, committed 3328K, reserved 1048576K
GC Heap History (10 events):
Event: 2.982 GC heap before
{Heap before GC invocations=1 (full 0):
 PSYoungGen      total 75776K, used 63854K [0x000000076b800000, 0x0000000770c80000, 0x00000007c0000000)
  eden space 65024K, 98% used [0x000000076b800000,0x000000076f65bb30,0x000000076f780000)
  from space 10752K, 0% used [0x0000000770200000,0x0000000770200000,0x0000000770c80000)
  to   space 10752K, 0% used [0x000000076f780000,0x000000076f780000,0x0000000770200000)
 ParOldGen       total 173568K, used 0K [0x00000006c2800000, 0x00000006cd180000, 0x000000076b800000)
  object space 173568K, 0% used [0x00000006c2800000,0x00000006c2800000,0x00000006cd180000)
 Metaspace       used 16694K, capacity 17408K, committed 17536K, reserved 1064960K
  class space    used 2417K, capacity 2624K, committed 2688K, reserved 1048576K
Event: 2.989 GC heap after
Heap after GC invocations=1 (full 0):
 PSYoungGen      total 75776K, used 10740K [0x000000076b800000, 0x0000000770c80000, 0x00000007c0000000)
  eden space 65024K, 0% used [0x000000076b800000,0x000000076b800000,0x000000076f780000)
  from space 10752K, 99% used [0x000000076f780000,0x00000007701fd020,0x0000000770200000)
  to   space 10752K, 0% used [0x0000000770200000,0x0000000770200000,0x0000000770c80000)
 ParOldGen       total 173568K, used 9135K [0x00000006c2800000, 0x00000006cd180000, 0x000000076b800000)
  object space 173568K, 5% used [0x00000006c2800000,0x00000006c30ebf98,0x00000006cd180000)
 Metaspace       used 16694K, capacity 17408K, committed 17536K, reserved 1064960K
  class space    used 2417K, capacity 2624K, committed 2688K, reserved 1048576K
}
Event: 43.359 GC heap before
{Heap before GC invocations=2 (full 0):
 PSYoungGen      total 75776K, used 75764K [0x000000076b800000, 0x0000000770c80000, 0x00000007c0000000)
  eden space 65024K, 100% used [0x000000076b800000,0x000000076f780000,0x000000076f780000)
  from space 10752K, 99% used [0x000000076f780000,0x00000007701fd020,0x0000000770200000)
  to   space 10752K, 0% used [0x0000000770200000,0x0000000770200000,0x0000000770c80000)
 ParOldGen       total 173568K, used 9135K [0x00000006c2800000, 0x00000006cd180000, 0x000000076b800000)
  object space 173568K, 5% used [0x00000006c2800000,0x00000006c30ebf98,0x00000006cd180000)
 Metaspace       used 18980K, capacity 19836K, committed 20096K, reserved 1067008K
  class space    used 2630K, capacity 2823K, committed 2944K, reserved 1048576K
Event: 43.372 GC heap after
Heap after GC invocations=2 (full 0):
 PSYoungGen      total 75776K, used 10724K [0x000000076b800000, 0x0000000770c80000, 0x00000007c0000000)
  eden space 65024K, 0% used [0x000000076b800000,0x000000076b800000,0x000000076f780000)
  from space 10752K, 99% used [0x0000000770200000,0x0000000770c79030,0x0000000770c80000)
  to   space 10752K, 0% used [0x000000076f780000,0x000000076f780000,0x0000000770200000)
 ParOldGen       total 173568K, used 31621K [0x00000006c2800000, 0x00000006cd180000, 0x000000076b800000)
  object space 173568K, 18% used [0x00000006c2800000,0x00000006c46e1448,0x00000006cd180000)
 Metaspace       used 18980K, capacity 19836K, committed 20096K, reserved 1067008K
  class space    used 2630K, capacity 2823K, committed 2944K, reserved 1048576K
}
Event: 43.426 GC heap before
{Heap before GC invocations=3 (full 0):
 PSYoungGen      total 75776K, used 16546K [0x000000076b800000, 0x0000000770c80000, 0x00000007c0000000)
  eden space 65024K, 8% used [0x000000076b800000,0x000000076bdafb90,0x000000076f780000)
  from space 10752K, 99% used [0x0000000770200000,0x0000000770c79030,0x0000000770c80000)
  to   space 10752K, 0% used [0x000000076f780000,0x000000076f780000,0x0000000770200000)
 ParOldGen       total 173568K, used 31621K [0x00000006c2800000, 0x00000006cd180000, 0x000000076b800000)
  object space 173568K, 18% used [0x00000006c2800000,0x00000006c46e1448,0x00000006cd180000)
 Metaspace       used 20225K, capacity 21052K, committed 21248K, reserved 1067008K
  class space    used 2741K, capacity 2951K, committed 3072K, reserved 1048576K
Event: 43.430 GC heap after
Heap after GC invocations=3 (full 0):
 PSYoungGen      total 75776K, used 10746K [0x000000076b800000, 0x0000000774c00000, 0x00000007c0000000)
  eden space 65024K, 0% used [0x000000076b800000,0x000000076b800000,0x000000076f780000)
  from space 10752K, 99% used [0x000000076f780000,0x00000007701fe920,0x0000000770200000)
  to   space 10752K, 0% used [0x0000000774180000,0x0000000774180000,0x0000000774c00000)
 ParOldGen       total 173568K, used 32551K [0x00000006c2800000, 0x00000006cd180000, 0x000000076b800000)
  object space 173568K, 18% used [0x00000006c2800000,0x00000006c47c9e58,0x00000006cd180000)
 Metaspace       used 20225K, capacity 21052K, committed 21248K, reserved 1067008K
  class space    used 2741K, capacity 2951K, committed 3072K, reserved 1048576K
}
Event: 43.430 GC heap before
{Heap before GC invocations=4 (full 1):
 PSYoungGen      total 75776K, used 10746K [0x000000076b800000, 0x0000000774c00000, 0x00000007c0000000)
  eden space 65024K, 0% used [0x000000076b800000,0x000000076b800000,0x000000076f780000)
  from space 10752K, 99% used [0x000000076f780000,0x00000007701fe920,0x0000000770200000)
  to   space 10752K, 0% used [0x0000000774180000,0x0000000774180000,0x0000000774c00000)
 ParOldGen       total 173568K, used 32551K [0x00000006c2800000, 0x00000006cd180000, 0x000000076b800000)
  object space 173568K, 18% used [0x00000006c2800000,0x00000006c47c9e58,0x00000006cd180000)
 Metaspace       used 20225K, capacity 21052K, committed 21248K, reserved 1067008K
  class space    used 2741K, capacity 2951K, committed 3072K, reserved 1048576K
Event: 43.472 GC heap after
Heap after GC invocations=4 (full 1):
 PSYoungGen      total 75776K, used 0K [0x000000076b800000, 0x0000000774c00000, 0x00000007c0000000)
  eden space 65024K, 0% used [0x000000076b800000,0x000000076b800000,0x000000076f780000)
  from space 10752K, 0% used [0x000000076f780000,0x000000076f780000,0x0000000770200000)
  to   space 10752K, 0% used [0x0000000774180000,0x0000000774180000,0x0000000774c00000)
 ParOldGen       total 128512K, used 32605K [0x00000006c2800000, 0x00000006ca580000, 0x000000076b800000)
  object space 128512K, 25% used [0x00000006c2800000,0x00000006c47d7428,0x00000006ca580000)
 Metaspace       used 20225K, capacity 21052K, committed 21248K, reserved 1067008K
  class space    used 2741K, capacity 2951K, committed 3072K, reserved 1048576K
}
Event: 54.056 GC heap before
{Heap before GC invocations=5 (full 1):
 PSYoungGen      total 75776K, used 59986K [0x000000076b800000, 0x0000000774c00000, 0x00000007c0000000)
  eden space 65024K, 92% used [0x000000076b800000,0x000000076f294968,0x000000076f780000)
  from space 10752K, 0% used [0x000000076f780000,0x000000076f780000,0x0000000770200000)
  to   space 10752K, 0% used [0x0000000774180000,0x0000000774180000,0x0000000774c00000)
 ParOldGen       total 128512K, used 32605K [0x00000006c2800000, 0x00000006ca580000, 0x000000076b800000)
  object space 128512K, 25% used [0x00000006c2800000,0x00000006c47d7428,0x00000006ca580000)
 Metaspace       used 23394K, capacity 24294K, committed 24576K, reserved 1071104K
  class space    used 3082K, capacity 3290K, committed 3328K, reserved 1048576K
Event: 54.064 GC heap after
Heap after GC invocations=5 (full 1):
 PSYoungGen      total 137728K, used 10743K [0x000000076b800000, 0x0000000774c00000, 0x00000007c0000000)
  eden space 126976K, 0% used [0x000000076b800000,0x000000076b800000,0x0000000773400000)
  from space 10752K, 99% used [0x0000000774180000,0x0000000774bfde80,0x0000000774c00000)
  to   space 10752K, 0% used [0x0000000773700000,0x0000000773700000,0x0000000774180000)
 ParOldGen       total 128512K, used 43130K [0x00000006c2800000, 0x00000006ca580000, 0x000000076b800000)
  object space 128512K, 33% used [0x00000006c2800000,0x00000006c521e8c0,0x00000006ca580000)
 Metaspace       used 23394K, capacity 24294K, committed 24576K, reserved 1071104K
  class space    used 3082K, capacity 3290K, committed 3328K, reserved 1048576K
}

