# JRE version: Java(TM) SE Runtime Environment (8.0_271-b09) (build 1.8.0_271-b09)
# Java VM: Java HotSpot(TM) 64-Bit Server VM (25.271-b09 mixed mode windows-amd64 compressed oops)
Heap:
 PSYoungGen      total 138240K, used 64676K [0x000000076b800000, 0x0000000774c00000, 0x00000007c0000000)
  eden space 127488K, 42% used [0x000000076b800000,0x000000076ecaf4f8,0x0000000773480000)
  from space 10752K, 99% used [0x0000000774180000,0x0000000774bf9b58,0x0000000774c00000)
  to   space 10752K, 0% used [0x0000000773700000,0x0000000773700000,0x0000000774180000)
 ParOldGen       total 149504K, used 34286K [0x00000006c2800000, 0x00000006cba00000, 0x000000076b800000)
  object space 149504K, 22% used [0x00000006c2800000,0x00000006c497b820,0x00000006cba00000)
 Metaspace       used 23583K, capacity 24576K, committed 24832K, reserved 1071104K
  class space    used 3073K, capacity 3291K, committed 3328K, reserved 1048576K
GC Heap History (10 events):
Event: 3.070 GC heap before
{Heap before GC invocations=1 (full 0):
 PSYoungGen      total 75776K, used 63918K [0x000000076b800000, 0x0000000770c80000, 0x00000007c0000000)
  eden space 65024K, 98% used [0x000000076b800000,0x000000076f66b8e0,0x000000076f780000)
  from space 10752K, 0% used [0x0000000770200000,0x0000000770200000,0x0000000770c80000)
  to   space 10752K, 0% used [0x000000076f780000,0x000000076f780000,0x0000000770200000)
 ParOldGen       total 173568K, used 0K [0x00000006c2800000, 0x00000006cd180000, 0x000000076b800000)
  object space 173568K, 0% used [0x00000006c2800000,0x00000006c2800000,0x00000006cd180000)
 Metaspace       used 16717K, capacity 17440K, committed 17792K, reserved 1064960K
  class space    used 2414K, capacity 2592K, committed 2688K, reserved 1048576K
Event: 3.078 GC heap after
Heap after GC invocations=1 (full 0):
 PSYoungGen      total 75776K, used 10745K [0x000000076b800000, 0x0000000770c80000, 0x00000007c0000000)
  eden space 65024K, 0% used [0x000000076b800000,0x000000076b800000,0x000000076f780000)
  from space 10752K, 99% used [0x000000076f780000,0x00000007701fe6c0,0x0000000770200000)
  to   space 10752K, 0% used [0x0000000770200000,0x0000000770200000,0x0000000770c80000)
 ParOldGen       total 173568K, used 9137K [0x00000006c2800000, 0x00000006cd180000, 0x000000076b800000)
  object space 173568K, 5% used [0x00000006c2800000,0x00000006c30ec598,0x00000006cd180000)
 Metaspace       used 16717K, capacity 17440K, committed 17792K, reserved 1064960K
  class space    used 2414K, capacity 2592K, committed 2688K, reserved 1048576K
}
Event: 10.588 GC heap before
{Heap before GC invocations=2 (full 0):
 PSYoungGen      total 75776K, used 75769K [0x000000076b800000, 0x0000000770c80000, 0x00000007c0000000)
  eden space 65024K, 100% used [0x000000076b800000,0x000000076f780000,0x000000076f780000)
  from space 10752K, 99% used [0x000000076f780000,0x00000007701fe6c0,0x0000000770200000)
  to   space 10752K, 0% used [0x0000000770200000,0x0000000770200000,0x0000000770c80000)
 ParOldGen       total 173568K, used 9137K [0x00000006c2800000, 0x00000006cd180000, 0x000000076b800000)
  object space 173568K, 5% used [0x00000006c2800000,0x00000006c30ec598,0x00000006cd180000)
 Metaspace       used 19975K, capacity 20856K, committed 20992K, reserved 1067008K
  class space    used 2730K, capacity 2951K, committed 3072K, reserved 1048576K
Event: 10.605 GC heap after
Heap after GC invocations=2 (full 0):
 PSYoungGen      total 75776K, used 10737K [0x000000076b800000, 0x0000000770c80000, 0x00000007c0000000)
  eden space 65024K, 0% used [0x000000076b800000,0x000000076b800000,0x000000076f780000)
  from space 10752K, 99% used [0x0000000770200000,0x0000000770c7c738,0x0000000770c80000)
  to   space 10752K, 0% used [0x000000076f780000,0x000000076f780000,0x0000000770200000)
 ParOldGen       total 173568K, used 48571K [0x00000006c2800000, 0x00000006cd180000, 0x000000076b800000)
  object space 173568K, 27% used [0x00000006c2800000,0x00000006c576ec48,0x00000006cd180000)
 Metaspace       used 19975K, capacity 20856K, committed 20992K, reserved 1067008K
  class space    used 2730K, capacity 2951K, committed 3072K, reserved 1048576K
}
Event: 10.623 GC heap before
{Heap before GC invocations=3 (full 0):
 PSYoungGen      total 75776K, used 12928K [0x000000076b800000, 0x0000000770c80000, 0x00000007c0000000)
  eden space 65024K, 3% used [0x000000076b800000,0x000000076ba23be8,0x000000076f780000)
  from space 10752K, 99% used [0x0000000770200000,0x0000000770c7c738,0x0000000770c80000)
  to   space 10752K, 0% used [0x000000076f780000,0x000000076f780000,0x0000000770200000)
 ParOldGen       total 173568K, used 48571K [0x00000006c2800000, 0x00000006cd180000, 0x000000076b800000)
  object space 173568K, 27% used [0x00000006c2800000,0x00000006c576ec48,0x00000006cd180000)
 Metaspace       used 20318K, capacity 21144K, committed 21248K, reserved 1067008K
  class space    used 2755K, capacity 2983K, committed 3072K, reserved 1048576K
Event: 10.628 GC heap after
Heap after GC invocations=3 (full 0):
 PSYoungGen      total 75776K, used 10733K [0x000000076b800000, 0x0000000774c00000, 0x00000007c0000000)
  eden space 65024K, 0% used [0x000000076b800000,0x000000076b800000,0x000000076f780000)
  from space 10752K, 99% used [0x000000076f780000,0x00000007701fb650,0x0000000770200000)
  to   space 10752K, 0% used [0x0000000774180000,0x0000000774180000,0x0000000774c00000)
 ParOldGen       total 173568K, used 48945K [0x00000006c2800000, 0x00000006cd180000, 0x000000076b800000)
  object space 173568K, 28% used [0x00000006c2800000,0x00000006c57cc4f8,0x00000006cd180000)
 Metaspace       used 20318K, capacity 21144K, committed 21248K, reserved 1067008K
  class space    used 2755K, capacity 2983K, committed 3072K, reserved 1048576K
}
Event: 10.628 GC heap before
{Heap before GC invocations=4 (full 1):
 PSYoungGen      total 75776K, used 10733K [0x000000076b800000, 0x0000000774c00000, 0x00000007c0000000)
  eden space 65024K, 0% used [0x000000076b800000,0x000000076b800000,0x000000076f780000)
  from space 10752K, 99% used [0x000000076f780000,0x00000007701fb650,0x0000000770200000)
  to   space 10752K, 0% used [0x0000000774180000,0x0000000774180000,0x0000000774c00000)
 ParOldGen       total 173568K, used 48945K [0x00000006c2800000, 0x00000006cd180000, 0x000000076b800000)
  object space 173568K, 28% used [0x00000006c2800000,0x00000006c57cc4f8,0x00000006cd180000)
 Metaspace       used 20318K, capacity 21144K, committed 21248K, reserved 1067008K
  class space    used 2755K, capacity 2983K, committed 3072K, reserved 1048576K
Event: 10.651 GC heap after
Heap after GC invocations=4 (full 1):
 PSYoungGen      total 75776K, used 0K [0x000000076b800000, 0x0000000774c00000, 0x00000007c0000000)
  eden space 65024K, 0% used [0x000000076b800000,0x000000076b800000,0x000000076f780000)
  from space 10752K, 0% used [0x000000076f780000,0x000000076f780000,0x0000000770200000)
  to   space 10752K, 0% used [0x0000000774180000,0x0000000774180000,0x0000000774c00000)
 ParOldGen       total 149504K, used 33931K [0x00000006c2800000, 0x00000006cba00000, 0x000000076b800000)
  object space 149504K, 22% used [0x00000006c2800000,0x00000006c4922f38,0x00000006cba00000)
 Metaspace       used 20318K, capacity 21144K, committed 21248K, reserved 1067008K
  class space    used 2755K, capacity 2983K, committed 3072K, reserved 1048576K
}
Event: 28.684 GC heap before
{Heap before GC invocations=5 (full 1):
 PSYoungGen      total 75776K, used 64766K [0x000000076b800000, 0x0000000774c00000, 0x00000007c0000000)
  eden space 65024K, 99% used [0x000000076b800000,0x000000076f73fb48,0x000000076f780000)
  from space 10752K, 0% used [0x000000076f780000,0x000000076f780000,0x0000000770200000)
  to   space 10752K, 0% used [0x0000000774180000,0x0000000774180000,0x0000000774c00000)
 ParOldGen       total 149504K, used 33931K [0x00000006c2800000, 0x00000006cba00000, 0x000000076b800000)
  object space 149504K, 22% used [0x00000006c2800000,0x00000006c4922f38,0x00000006cba00000)
 Metaspace       used 23506K, capacity 24426K, committed 24576K, reserved 1071104K
  class space    used 3068K, capacity 3288K, committed 3328K, reserved 1048576K
Event: 28.688 GC heap after
Heap after GC invocations=5 (full 1):
 PSYoungGen      total 138240K, used 10726K [0x000000076b800000, 0x0000000774c00000, 0x00000007c0000000)
  eden space 127488K, 0% used [0x000000076b800000,0x000000076b800000,0x0000000773480000)
  from space 10752K, 99% used [0x0000000774180000,0x0000000774bf9b58,0x0000000774c00000)
  to   space 10752K, 0% used [0x0000000773700000,0x0000000773700000,0x0000000774180000)
 ParOldGen       total 149504K, used 34286K [0x00000006c2800000, 0x00000006cba00000, 0x000000076b800000)
  object space 149504K, 22% used [0x00000006c2800000,0x00000006c497b820,0x00000006cba00000)
 Metaspace       used 23506K, capacity 24426K, committed 24576K, reserved 1071104K
  class space    used 3068K, capacity 3288K, committed 3328K, reserved 1048576K
}

