# JRE version: Java(TM) SE Runtime Environment (8.0_271-b09) (build 1.8.0_271-b09)
# Java VM: Java HotSpot(TM) 64-Bit Server VM (25.271-b09 mixed mode windows-amd64 compressed oops)
Heap:
 PSYoungGen      total 139776K, used 64069K [0x000000076b800000, 0x0000000774c00000, 0x00000007c0000000)
  eden space 129024K, 41% used [0x000000076b800000,0x000000076ec12ea0,0x0000000773600000)
  from space 10752K, 99% used [0x0000000774180000,0x0000000774bfe680,0x0000000774c00000)
  to   space 10752K, 0% used [0x0000000773700000,0x0000000773700000,0x0000000774180000)
 ParOldGen       total 126976K, used 31417K [0x00000006c2800000, 0x00000006ca400000, 0x000000076b800000)
  object space 126976K, 24% used [0x00000006c2800000,0x00000006c46ae5c0,0x00000006ca400000)
 Metaspace       used 23890K, capacity 24846K, committed 25088K, reserved 1071104K
  class space    used 3078K, capacity 3292K, committed 3328K, reserved 1048576K
GC Heap History (10 events):
Event: 5.330 GC heap before
{Heap before GC invocations=1 (full 0):
 PSYoungGen      total 75776K, used 63943K [0x000000076b800000, 0x0000000770c80000, 0x00000007c0000000)
  eden space 65024K, 98% used [0x000000076b800000,0x000000076f671d78,0x000000076f780000)
  from space 10752K, 0% used [0x0000000770200000,0x0000000770200000,0x0000000770c80000)
  to   space 10752K, 0% used [0x000000076f780000,0x000000076f780000,0x0000000770200000)
 ParOldGen       total 173568K, used 0K [0x00000006c2800000, 0x00000006cd180000, 0x000000076b800000)
  object space 173568K, 0% used [0x00000006c2800000,0x00000006c2800000,0x00000006cd180000)
 Metaspace       used 16730K, capacity 17472K, committed 17792K, reserved 1064960K
  class space    used 2416K, capacity 2624K, committed 2688K, reserved 1048576K
Event: 5.339 GC heap after
Heap after GC invocations=1 (full 0):
 PSYoungGen      total 75776K, used 9682K [0x000000076b800000, 0x0000000770c80000, 0x00000007c0000000)
  eden space 65024K, 0% used [0x000000076b800000,0x000000076b800000,0x000000076f780000)
  from space 10752K, 90% used [0x000000076f780000,0x00000007700f4ae0,0x0000000770200000)
  to   space 10752K, 0% used [0x0000000770200000,0x0000000770200000,0x0000000770c80000)
 ParOldGen       total 173568K, used 10259K [0x00000006c2800000, 0x00000006cd180000, 0x000000076b800000)
  object space 173568K, 5% used [0x00000006c2800000,0x00000006c3204c70,0x00000006cd180000)
 Metaspace       used 16730K, capacity 17472K, committed 17792K, reserved 1064960K
  class space    used 2416K, capacity 2624K, committed 2688K, reserved 1048576K
}
Event: 15.899 GC heap before
{Heap before GC invocations=2 (full 0):
 PSYoungGen      total 75776K, used 74706K [0x000000076b800000, 0x0000000770c80000, 0x00000007c0000000)
  eden space 65024K, 100% used [0x000000076b800000,0x000000076f780000,0x000000076f780000)
  from space 10752K, 90% used [0x000000076f780000,0x00000007700f4ae0,0x0000000770200000)
  to   space 10752K, 0% used [0x0000000770200000,0x0000000770200000,0x0000000770c80000)
 ParOldGen       total 173568K, used 10259K [0x00000006c2800000, 0x00000006cd180000, 0x000000076b800000)
  object space 173568K, 5% used [0x00000006c2800000,0x00000006c3204c70,0x00000006cd180000)
 Metaspace       used 20241K, capacity 21080K, committed 21248K, reserved 1067008K
  class space    used 2752K, capacity 2983K, committed 3072K, reserved 1048576K
Event: 15.909 GC heap after
Heap after GC invocations=2 (full 0):
 PSYoungGen      total 75776K, used 10750K [0x000000076b800000, 0x0000000770c80000, 0x00000007c0000000)
  eden space 65024K, 0% used [0x000000076b800000,0x000000076b800000,0x000000076f780000)
  from space 10752K, 99% used [0x0000000770200000,0x0000000770c7f800,0x0000000770c80000)
  to   space 10752K, 0% used [0x000000076f780000,0x000000076f780000,0x0000000770200000)
 ParOldGen       total 173568K, used 34205K [0x00000006c2800000, 0x00000006cd180000, 0x000000076b800000)
  object space 173568K, 19% used [0x00000006c2800000,0x00000006c4967630,0x00000006cd180000)
 Metaspace       used 20241K, capacity 21080K, committed 21248K, reserved 1067008K
  class space    used 2752K, capacity 2983K, committed 3072K, reserved 1048576K
}
Event: 15.915 GC heap before
{Heap before GC invocations=3 (full 0):
 PSYoungGen      total 75776K, used 11841K [0x000000076b800000, 0x0000000770c80000, 0x00000007c0000000)
  eden space 65024K, 1% used [0x000000076b800000,0x000000076b910c00,0x000000076f780000)
  from space 10752K, 99% used [0x0000000770200000,0x0000000770c7f800,0x0000000770c80000)
  to   space 10752K, 0% used [0x000000076f780000,0x000000076f780000,0x0000000770200000)
 ParOldGen       total 173568K, used 34205K [0x00000006c2800000, 0x00000006cd180000, 0x000000076b800000)
  object space 173568K, 19% used [0x00000006c2800000,0x00000006c4967630,0x00000006cd180000)
 Metaspace       used 20352K, capacity 21144K, committed 21248K, reserved 1067008K
  class space    used 2757K, capacity 2983K, committed 3072K, reserved 1048576K
Event: 15.920 GC heap after
Heap after GC invocations=3 (full 0):
 PSYoungGen      total 75776K, used 10750K [0x000000076b800000, 0x0000000774c00000, 0x00000007c0000000)
  eden space 65024K, 0% used [0x000000076b800000,0x000000076b800000,0x000000076f780000)
  from space 10752K, 99% used [0x000000076f780000,0x00000007701ff820,0x0000000770200000)
  to   space 10752K, 0% used [0x0000000774180000,0x0000000774180000,0x0000000774c00000)
 ParOldGen       total 173568K, used 34409K [0x00000006c2800000, 0x00000006cd180000, 0x000000076b800000)
  object space 173568K, 19% used [0x00000006c2800000,0x00000006c499a528,0x00000006cd180000)
 Metaspace       used 20352K, capacity 21144K, committed 21248K, reserved 1067008K
  class space    used 2757K, capacity 2983K, committed 3072K, reserved 1048576K
}
Event: 15.920 GC heap before
{Heap before GC invocations=4 (full 1):
 PSYoungGen      total 75776K, used 10750K [0x000000076b800000, 0x0000000774c00000, 0x00000007c0000000)
  eden space 65024K, 0% used [0x000000076b800000,0x000000076b800000,0x000000076f780000)
  from space 10752K, 99% used [0x000000076f780000,0x00000007701ff820,0x0000000770200000)
  to   space 10752K, 0% used [0x0000000774180000,0x0000000774180000,0x0000000774c00000)
 ParOldGen       total 173568K, used 34409K [0x00000006c2800000, 0x00000006cd180000, 0x000000076b800000)
  object space 173568K, 19% used [0x00000006c2800000,0x00000006c499a528,0x00000006cd180000)
 Metaspace       used 20352K, capacity 21144K, committed 21248K, reserved 1067008K
  class space    used 2757K, capacity 2983K, committed 3072K, reserved 1048576K
Event: 15.949 GC heap after
Heap after GC invocations=4 (full 1):
 PSYoungGen      total 75776K, used 0K [0x000000076b800000, 0x0000000774c00000, 0x00000007c0000000)
  eden space 65024K, 0% used [0x000000076b800000,0x000000076b800000,0x000000076f780000)
  from space 10752K, 0% used [0x000000076f780000,0x000000076f780000,0x0000000770200000)
  to   space 10752K, 0% used [0x0000000774180000,0x0000000774180000,0x0000000774c00000)
 ParOldGen       total 126976K, used 31248K [0x00000006c2800000, 0x00000006ca400000, 0x000000076b800000)
  object space 126976K, 24% used [0x00000006c2800000,0x00000006c46841d0,0x00000006ca400000)
 Metaspace       used 20352K, capacity 21144K, committed 21248K, reserved 1067008K
  class space    used 2757K, capacity 2983K, committed 3072K, reserved 1048576K
}
Event: 59.038 GC heap before
{Heap before GC invocations=5 (full 1):
 PSYoungGen      total 75776K, used 65024K [0x000000076b800000, 0x0000000774c00000, 0x00000007c0000000)
  eden space 65024K, 100% used [0x000000076b800000,0x000000076f780000,0x000000076f780000)
  from space 10752K, 0% used [0x000000076f780000,0x000000076f780000,0x0000000770200000)
  to   space 10752K, 0% used [0x0000000774180000,0x0000000774180000,0x0000000774c00000)
 ParOldGen       total 126976K, used 31248K [0x00000006c2800000, 0x00000006ca400000, 0x000000076b800000)
  object space 126976K, 24% used [0x00000006c2800000,0x00000006c46841d0,0x00000006ca400000)
 Metaspace       used 23745K, capacity 24672K, committed 24832K, reserved 1071104K
  class space    used 3075K, capacity 3289K, committed 3328K, reserved 1048576K
Event: 59.044 GC heap after
Heap after GC invocations=5 (full 1):
 PSYoungGen      total 139776K, used 10745K [0x000000076b800000, 0x0000000774c00000, 0x00000007c0000000)
  eden space 129024K, 0% used [0x000000076b800000,0x000000076b800000,0x0000000773600000)
  from space 10752K, 99% used [0x0000000774180000,0x0000000774bfe680,0x0000000774c00000)
  to   space 10752K, 0% used [0x0000000773700000,0x0000000773700000,0x0000000774180000)
 ParOldGen       total 126976K, used 31417K [0x00000006c2800000, 0x00000006ca400000, 0x000000076b800000)
  object space 126976K, 24% used [0x00000006c2800000,0x00000006c46ae5c0,0x00000006ca400000)
 Metaspace       used 23745K, capacity 24672K, committed 24832K, reserved 1071104K
  class space    used 3075K, capacity 3289K, committed 3328K, reserved 1048576K
}

